\BOOKMARK [0][-]{chapter.1}{Introduction}{}% 1
\BOOKMARK [1][-]{section.1.1}{Project Idea}{chapter.1}% 2
\BOOKMARK [1][-]{section.1.2}{Motivation of the Project}{chapter.1}% 3
\BOOKMARK [1][-]{section.1.3}{Literature Survey}{chapter.1}% 4
\BOOKMARK [0][-]{chapter.2}{Problem Definition and scope}{}% 5
\BOOKMARK [1][-]{section.2.1}{Problem Statement}{chapter.2}% 6
\BOOKMARK [2][-]{subsection.2.1.1}{Goals and objectives}{section.2.1}% 7
\BOOKMARK [2][-]{subsection.2.1.2}{Statement of scope}{section.2.1}% 8
\BOOKMARK [1][-]{section.2.2}{Major Constraints}{chapter.2}% 9
\BOOKMARK [1][-]{section.2.3}{Methodologies of Problem solving and efficiency issues}{chapter.2}% 10
\BOOKMARK [1][-]{section.2.4}{Scenario in which multi-core, Embedded and Distributed Computing used}{chapter.2}% 11
\BOOKMARK [1][-]{section.2.5}{Outcome}{chapter.2}% 12
\BOOKMARK [1][-]{section.2.6}{Applications}{chapter.2}% 13
\BOOKMARK [1][-]{section.2.7}{Hardware Resources Required}{chapter.2}% 14
\BOOKMARK [1][-]{section.2.8}{Software Resources Required}{chapter.2}% 15
\BOOKMARK [0][-]{chapter.3}{Project Plan}{}% 16
\BOOKMARK [1][-]{section.3.1}{Project Estimates}{chapter.3}% 17
\BOOKMARK [2][-]{subsection.3.1.1}{Reconciled Estimates}{section.3.1}% 18
\BOOKMARK [2][-]{subsection.3.1.2}{Project Resources}{section.3.1}% 19
\BOOKMARK [1][-]{section.3.2}{Risk Management }{chapter.3}% 20
\BOOKMARK [2][-]{subsection.3.2.1}{Risk Identification}{section.3.2}% 21
\BOOKMARK [2][-]{subsection.3.2.2}{Risk Analysis}{section.3.2}% 22
\BOOKMARK [2][-]{subsection.3.2.3}{Overview of Risk Mitigation, Monitoring, Management}{section.3.2}% 23
\BOOKMARK [1][-]{section.3.3}{Project Schedule}{chapter.3}% 24
\BOOKMARK [2][-]{subsection.3.3.1}{Project task set}{section.3.3}% 25
\BOOKMARK [2][-]{subsection.3.3.2}{Task network}{section.3.3}% 26
\BOOKMARK [2][-]{subsection.3.3.3}{Timeline Chart}{section.3.3}% 27
\BOOKMARK [1][-]{section.3.4}{Team Organization}{chapter.3}% 28
\BOOKMARK [2][-]{subsection.3.4.1}{Team structure}{section.3.4}% 29
\BOOKMARK [2][-]{subsection.3.4.2}{Management reporting and communication}{section.3.4}% 30
\BOOKMARK [0][-]{chapter.4}{Software requirement specification }{}% 31
\BOOKMARK [1][-]{section.4.1}{Introduction}{chapter.4}% 32
\BOOKMARK [2][-]{subsection.4.1.1}{Purpose and Scope of Document}{section.4.1}% 33
\BOOKMARK [2][-]{subsection.4.1.2}{Overview of responsibilities of Developer}{section.4.1}% 34
\BOOKMARK [1][-]{section.4.2}{Usage Scenario}{chapter.4}% 35
\BOOKMARK [2][-]{subsection.4.2.1}{User profiles}{section.4.2}% 36
\BOOKMARK [2][-]{subsection.4.2.2}{Use-cases}{section.4.2}% 37
\BOOKMARK [2][-]{subsection.4.2.3}{Use Case View}{section.4.2}% 38
\BOOKMARK [1][-]{section.4.3}{Data Model and Description}{chapter.4}% 39
\BOOKMARK [2][-]{subsection.4.3.1}{Data Description}{section.4.3}% 40
\BOOKMARK [2][-]{subsection.4.3.2}{Data objects and Relationships}{section.4.3}% 41
\BOOKMARK [1][-]{section.4.4}{Functional Model and Description}{chapter.4}% 42
\BOOKMARK [2][-]{subsection.4.4.1}{Data Flow Diagram}{section.4.4}% 43
\BOOKMARK [2][-]{subsection.4.4.2}{Description of functions}{section.4.4}% 44
\BOOKMARK [2][-]{subsection.4.4.3}{Activity Diagram:}{section.4.4}% 45
\BOOKMARK [2][-]{subsection.4.4.4}{Non Functional Requirements:}{section.4.4}% 46
\BOOKMARK [2][-]{subsection.4.4.5}{State Diagram:}{section.4.4}% 47
\BOOKMARK [2][-]{subsection.4.4.6}{Design Constraints}{section.4.4}% 48
\BOOKMARK [2][-]{subsection.4.4.7}{Software Interface Description}{section.4.4}% 49
\BOOKMARK [0][-]{chapter.5}{Detailed Design Document }{}% 50
\BOOKMARK [1][-]{section.5.1}{Introduction}{chapter.5}% 51
\BOOKMARK [1][-]{section.5.2}{Architectural Design}{chapter.5}% 52
\BOOKMARK [1][-]{section.5.3}{Data design }{chapter.5}% 53
\BOOKMARK [2][-]{subsection.5.3.1}{Internal software data structure}{section.5.3}% 54
\BOOKMARK [2][-]{subsection.5.3.2}{Global data structure}{section.5.3}% 55
\BOOKMARK [2][-]{subsection.5.3.3}{Temporary data structure}{section.5.3}% 56
\BOOKMARK [2][-]{subsection.5.3.4}{Database description}{section.5.3}% 57
\BOOKMARK [0][-]{chapter.6}{Dataset and Experimental setup}{}% 58
\BOOKMARK [0][-]{chapter.7}{Summary and Conclusion}{}% 59
\BOOKMARK [0][-]{appendix.1.A}{Annexure Mathematical Model}{}% 60
\BOOKMARK [0][-]{appendix.1.B}{Annexure Plagiarism Report }{}% 61
\BOOKMARK [0][-]{appendix.1.C}{Annexure Paper Published \(if any\)}{}% 62
\BOOKMARK [0][-]{appendix.1.D}{Annexure Sponsorship detail \(if any\)}{}% 63
